2025-04-05 10:56:25,105 - INFO - Fetching expenses for date: 2024-09-30
2025-04-05 10:56:25,231 - INFO - Summary_expenses summary from 2024-06-01 to 2024-08-05
2025-04-05 13:45:50,969 - INFO - Fetching expenses for date: 2024-09-30
2025-04-05 13:45:51,108 - INFO - Summary_expenses summary from 2024-06-01 to 2024-08-05
2025-04-05 13:46:19,153 - INFO - Fetching expenses for date: 2024-08-01
2025-04-05 13:46:19,257 - INFO - Summary_expenses summary from 2024-06-01 to 2024-08-05
2025-04-05 15:24:15,181 - INFO - Fetching expenses for date: 2024-08-01
2025-04-05 15:24:15,345 - INFO - Summary_expenses summary from 2024-06-01 to 2024-08-05
2025-04-05 16:15:21,459 - db_helper - INFO - Fetching expenses for date: 2024-08-01
2025-04-05 16:15:39,887 - db_helper - INFO - Fetching expenses for date: 2024-08-01
2025-04-05 16:22:22,657 - db_helper - INFO - Fetching expenses for date: 2024-08-01
2025-04-05 16:23:39,578 - db_helper - INFO - Fetching expenses for date: 2024-08-02
2025-04-05 16:23:53,423 - db_helper - INFO - Fetching expenses for date: 2024-08-10
2025-04-05 16:27:07,259 - db_helper - INFO - Fetching expenses for date: 2024-08-01
2025-04-05 16:27:16,184 - db_helper - INFO - Fetching expenses for date: 2024-08-02
2025-04-05 16:29:18,094 - db_helper - INFO - Fetching expenses for date: 2024-08-01
2025-04-05 16:29:24,975 - db_helper - INFO - Fetching expenses for date: 2024-08-02
2025-04-05 16:29:31,033 - db_helper - INFO - Fetching expenses for date: 2024-08-02
2025-04-05 16:29:35,660 - db_helper - INFO - Fetching expenses for date: 2024-08-01
2025-04-05 16:30:39,273 - db_helper - INFO - Fetching expenses for date: 2024-08-01
2025-04-05 16:35:41,540 - db_helper - INFO - Fetching expenses for date: 2024-08-01
2025-04-05 16:35:55,542 - db_helper - INFO - Fetching expenses for date: 2024-08-01
2025-04-05 16:36:24,996 - db_helper - INFO - Fetching expenses for date: 2024-08-01
2025-04-05 16:36:39,287 - db_helper - INFO - Fetching expenses for date: 2024-08-01
2025-04-05 16:36:45,930 - db_helper - INFO - Fetching expenses for date: 2024-08-02
2025-04-05 17:15:15,262 - db_helper - INFO - Fetching expenses for date: 2024-08-01
2025-04-05 17:19:03,814 - db_helper - INFO - Fetching expenses for date: 2024-08-01
2025-04-05 17:21:27,020 - db_helper - INFO - Fetching expenses for date: 2024-08-01
2025-04-05 17:22:55,419 - db_helper - INFO - Delete_expenses for date: 2024-08-01
2025-04-05 17:22:55,543 - db_helper - INFO - Insert_expenses for date: 2024-08-01
2025-04-05 17:23:09,239 - db_helper - INFO - Fetching expenses for date: 2024-08-01
2025-04-05 17:25:46,074 - db_helper - INFO - Fetching expenses for date: 2024-08-01
2025-04-05 17:35:42,410 - db_helper - INFO - Fetching expenses for date: 2024-08-01
2025-04-05 17:36:40,085 - db_helper - INFO - Delete_expenses for date: 2024-08-02
2025-04-05 17:36:40,224 - db_helper - INFO - Insert_expenses for date: 2024-08-02
2025-04-05 17:37:01,018 - db_helper - INFO - Fetching expenses for date: 2024-08-01
2025-04-05 17:37:10,563 - db_helper - INFO - Fetching expenses for date: 2024-08-02
2025-04-05 17:37:33,659 - db_helper - INFO - Fetching expenses for date: 2024-08-02
2025-04-05 17:37:44,133 - db_helper - INFO - Fetching expenses for date: 2024-08-01
2025-04-05 17:39:33,296 - db_helper - INFO - Delete_expenses for date: 2024-08-02
2025-04-05 17:39:33,410 - db_helper - INFO - Insert_expenses for date: 2024-08-02
2025-04-05 17:39:33,531 - db_helper - INFO - Insert_expenses for date: 2024-08-02
2025-04-05 17:40:01,970 - db_helper - INFO - Fetching expenses for date: 2024-08-01
2025-04-05 17:40:07,507 - db_helper - INFO - Fetching expenses for date: 2024-08-02
2025-04-05 17:41:18,815 - db_helper - INFO - Fetching expenses for date: 2024-08-01
2025-04-05 17:43:15,989 - db_helper - INFO - Fetching expenses for date: 2024-08-02
2025-04-05 17:45:10,651 - db_helper - INFO - Fetching expenses for date: 2024-08-02
2025-04-05 17:45:46,434 - db_helper - INFO - Fetching expenses for date: 2024-08-28
2025-04-05 17:45:54,812 - db_helper - INFO - Fetching expenses for date: 2024-08-27
2025-04-05 17:46:01,188 - db_helper - INFO - Fetching expenses for date: 2024-08-15
2025-04-05 17:50:34,471 - db_helper - INFO - Fetching expenses for date: 2024-08-15
2025-04-05 17:51:12,216 - db_helper - INFO - Fetching expenses for date: 2024-08-07
2025-04-05 17:51:26,405 - db_helper - INFO - Fetching expenses for date: 2024-08-07
2025-04-05 17:51:40,817 - db_helper - INFO - Fetching expenses for date: 2024-08-07
2025-04-05 17:51:46,583 - db_helper - INFO - Fetching expenses for date: 2024-08-01
2025-04-05 17:51:53,104 - db_helper - INFO - Fetching expenses for date: 2024-08-07
2025-04-05 17:56:33,931 - db_helper - INFO - Fetching expenses for date: 2024-08-07
2025-04-05 17:56:36,204 - db_helper - INFO - Delete_expenses for date: 2024-08-07
2025-04-05 17:56:36,333 - db_helper - INFO - Insert_expenses for date: 2024-08-07
2025-04-05 17:56:36,489 - db_helper - INFO - Insert_expenses for date: 2024-08-07
2025-04-05 17:56:36,616 - db_helper - INFO - Insert_expenses for date: 2024-08-07
2025-04-05 17:56:36,769 - db_helper - INFO - Insert_expenses for date: 2024-08-07
2025-04-05 17:56:36,917 - db_helper - INFO - Insert_expenses for date: 2024-08-07
2025-04-05 17:57:49,859 - db_helper - INFO - Fetching expenses for date: 2024-08-01
2025-04-05 17:57:55,613 - db_helper - INFO - Fetching expenses for date: 2024-08-07
2025-04-05 18:16:38,138 - db_helper - INFO - Fetching expenses for date: 2024-08-01
2025-04-05 18:16:51,464 - db_helper - INFO - Fetching expenses for date: 2024-08-07
2025-04-05 18:39:05,350 - db_helper - INFO - Fetching expenses for date: 2024-08-01
2025-04-05 18:43:35,667 - db_helper - INFO - Fetching expenses for date: 2024-08-01
2025-04-05 18:46:26,623 - db_helper - INFO - Fetching expenses for date: 2024-08-01
2025-04-05 18:51:31,308 - db_helper - INFO - Fetching expenses for date: 2024-08-01
2025-04-05 18:57:12,754 - db_helper - INFO - Fetching expenses for date: 2024-08-01
2025-04-05 19:02:26,229 - db_helper - INFO - Fetching expenses for date: 2024-08-01
2025-04-05 19:02:33,493 - db_helper - INFO - Fetching expenses for date: 2024-08-01
2025-04-05 19:03:38,020 - db_helper - INFO - Fetching expenses for date: 2024-08-01
2025-04-05 19:03:42,951 - db_helper - INFO - Fetching expenses for date: 2024-08-01
2025-04-05 19:06:20,917 - db_helper - INFO - Fetching expenses for date: 2024-08-01
2025-04-05 19:06:30,123 - db_helper - INFO - Fetching expenses for date: 2024-08-01
2025-04-05 19:06:38,887 - db_helper - INFO - Fetching expenses for date: 2024-08-01
2025-04-05 19:06:41,068 - db_helper - INFO - Delete_expenses for date: 2024-08-01
2025-04-05 19:06:41,199 - db_helper - INFO - Insert_expenses for date: 2024-08-01
2025-04-05 19:06:43,744 - db_helper - INFO - Fetching expenses for date: 2024-08-01
2025-04-05 19:06:48,526 - db_helper - INFO - Fetching expenses for date: 2024-08-01
2025-04-05 19:15:42,654 - db_helper - INFO - Fetching expenses for date: 2024-08-01
2025-04-05 19:15:47,719 - db_helper - INFO - Fetching expenses for date: 2024-08-01
2025-04-05 19:16:33,472 - db_helper - INFO - Fetching expenses for date: 2024-08-01
2025-04-05 19:16:38,246 - db_helper - INFO - Fetching expenses for date: 2024-08-01
2025-04-05 19:27:35,479 - db_helper - INFO - Fetching expenses for date: 2024-08-01
2025-04-05 19:27:44,823 - db_helper - INFO - Fetching expenses for date: 2024-08-01
2025-04-05 19:27:52,500 - db_helper - INFO - Fetching expenses for date: 2024-08-01
2025-04-05 19:29:21,607 - db_helper - INFO - Fetching expenses for date: 2024-08-01
2025-04-05 19:29:31,975 - db_helper - INFO - Fetching expenses for date: 2024-08-01
2025-04-05 19:35:39,533 - db_helper - INFO - Fetching expenses for date: 2024-08-01
2025-04-05 19:35:49,468 - db_helper - INFO - Fetching expenses for date: 2024-08-01
2025-04-05 19:35:55,571 - db_helper - INFO - Fetching expenses for date: 2024-08-01
2025-04-06 10:27:32,043 - db_helper - INFO - fetch_expense_summary called with start: 2024-08-01 end: 2024-08-05
2025-04-06 10:29:09,459 - db_helper - INFO - fetch_expenses_for_date called with 2024-08-01
2025-04-06 10:41:52,862 - db_helper - INFO - fetch_expenses_for_date called with 2024-08-01
2025-04-06 10:42:02,442 - db_helper - INFO - fetch_expenses_for_date called with 2024-08-01
2025-04-06 10:42:04,669 - db_helper - INFO - fetch_expense_summary called with start: 2024-08-01 end: 2024-08-05
2025-04-06 10:44:01,773 - db_helper - INFO - fetch_expenses_for_date called with 2024-08-01
2025-04-06 10:44:09,917 - db_helper - INFO - fetch_expenses_for_date called with 2024-08-01
2025-04-06 10:44:12,152 - db_helper - INFO - fetch_expense_summary called with start: 2024-08-01 end: 2024-08-05
2025-04-06 10:44:41,042 - db_helper - INFO - fetch_expenses_for_date called with 2024-08-01
2025-04-06 10:44:47,869 - db_helper - INFO - fetch_expense_summary called with start: 2024-08-01 end: 2024-08-05
2025-04-06 10:45:03,451 - db_helper - INFO - fetch_expenses_for_date called with 2024-08-01
2025-04-06 10:45:05,654 - db_helper - INFO - fetch_expense_summary called with start: 2024-08-01 end: 2024-08-01
2025-04-06 10:45:07,923 - db_helper - INFO - fetch_expenses_for_date called with 2024-08-01
2025-04-06 10:45:14,534 - db_helper - INFO - fetch_expenses_for_date called with 2024-08-01
2025-04-06 10:45:18,087 - db_helper - INFO - fetch_expenses_for_date called with 2024-08-01
2025-04-06 10:45:20,339 - db_helper - INFO - fetch_expense_summary called with start: 2024-08-01 end: 2024-08-05
2025-04-06 10:45:55,972 - db_helper - INFO - fetch_expenses_for_date called with 2025-04-06
2025-04-06 10:47:06,442 - db_helper - INFO - fetch_expenses_for_date called with 2025-04-06
2025-04-06 10:47:09,267 - db_helper - INFO - delete_expenses_for_date called with 2025-04-06
2025-04-06 10:47:09,410 - db_helper - INFO - insert_expense called with date: 2025-04-06, amount: 10.0, category: Shopping, notes: coffe one box
2025-04-06 10:47:09,541 - db_helper - INFO - insert_expense called with date: 2025-04-06, amount: 40.0, category: Other, notes: diesel
2025-04-06 10:47:42,568 - db_helper - INFO - fetch_expenses_for_date called with 2025-04-06
2025-04-06 10:47:44,792 - db_helper - INFO - fetch_expense_summary called with start: 2024-08-01 end: 2024-08-05
2025-04-06 10:48:29,205 - db_helper - INFO - fetch_expenses_for_date called with 2025-04-06
2025-04-06 10:49:30,632 - db_helper - INFO - fetch_expenses_for_date called with 2025-04-06
2025-04-06 10:49:52,145 - db_helper - INFO - fetch_expenses_for_date called with 2025-04-06
2025-04-06 10:49:54,381 - db_helper - INFO - fetch_expense_summary called with start: 2025-08-01 end: 2025-04-06
2025-04-06 10:50:42,768 - db_helper - INFO - fetch_expenses_for_date called with 2025-04-06
2025-04-06 10:50:48,800 - db_helper - INFO - fetch_expenses_for_date called with 2025-04-06
2025-04-06 10:50:50,994 - db_helper - INFO - fetch_expense_summary called with start: 2025-03-28 end: 2025-04-06
2025-04-06 10:59:24,799 - db_helper - INFO - fetch_expenses_for_date called with 2025-04-06
2025-04-06 10:59:31,039 - db_helper - INFO - fetch_expenses_for_date called with 2025-04-06
2025-04-06 10:59:33,281 - db_helper - INFO - fetch_expense_summary called with start: 2025-03-27 end: 2025-04-06
2025-04-06 12:25:43,881 - db_helper - INFO - fetch_expenses_for_date called with 2024-08-01
2025-04-06 12:25:53,854 - db_helper - INFO - fetch_expenses_for_date called with 2024-08-01
2025-04-06 12:25:56,447 - db_helper - INFO - fetch_expense_summary called with start: 2024-08-01 end: 2024-08-05
